Finished 125
Finished 111
Finished 80
Finished 142
Finished 144
Finished 96
Finished 59
Finished 54
Finished 29
Finished 101
Finished 97
Finished 64
Finished 61
Finished 74
Finished 63
Finished 39
Finished 99
Finished 115
Finished 143
Finished 134
Finished 136
Finished 127
Finished 49
Finished 107
Finished 55
Finished 113
Finished 77
Finished 75
Finished 105
Finished 42
Finished 34
Finished 83
Finished 60
Finished 82
Finished 131
Finished 112
Finished 40
Finished 108
Finished 81
Finished 141
Finished 103
Finished 87
Finished 119
Finished 130
Finished 132
Finished 84
Finished 85
Finished 128
Finished 109
Finished 41
Finished 57
Finished 62
Finished 110
Finished 31
Finished 98
Finished 118
Finished 91
Finished 33
Finished 146
Finished 114
Finished 30
Finished 66
Finished 92
Finished 133
Finished 100
Finished 140
Finished 35
Finished 44
Finished 45
Finished 90
Finished 48
Finished 50
Finished 74
Finished 86
Finished 132
Finished 108
Finished 56
Finished 135
Finished 96
Finished 117
Finished 124
Finished 36
Finished 51
Finished 115
Finished 109
Finished 31
Finished 143
Finished 122
Finished 37
Finished 44
Finished 45
Finished 46
Finished 34
Finished 39
